<?xml version="1.0" encoding="UTF-8"?>
<!-- Generated by org.testng.reporters.JUnitXMLReporter -->
<testsuite hostname="Shankeys-MacBook-Air.local" name="Login" tests="5" failures="0" timestamp="7 May 2016 10:06:51 GMT" time="269.243" errors="0">
  <testcase name="test" time="67.748" classname="login.CheckLoginSuccess"/>
  <testcase name="test_dashboard_VerifyLogin" time="48.324" classname="login.LoginFromExcel"/>
  <testcase name="test_dashboard_VerifyLogin" time="44.606" classname="login.LoginFromExcel"/>
  <testcase name="test_dashboard_VerifyLogin" time="61.176" classname="login.LoginFromExcel"/>
  <testcase name="test_dashboard_VerifyLogin" time="45.931" classname="login.LoginFromExcel"/>
</testsuite> <!-- Login -->
